2017-01-16 17:53:03.963301 # on Pranaabs-MacBook-Pro.local: deepdive do reviews
2017-01-16 17:53:03.963534 # run/20170116/175300.995268000/plan.sh
2017-01-16 17:53:03.963563 # execution plan for data/reviews
2017-01-16 17:53:03.963585 
2017-01-16 17:53:03.963608 : ## process/init/app ##########################################################
2017-01-16 17:53:03.963628 : # Done: 2017-01-16T17:51:50-0500 (1m 11s ago)
2017-01-16 17:53:03.963647 : process/init/app/run.sh
2017-01-16 17:53:03.963666 : mark_done process/init/app
2017-01-16 17:53:03.963685 : ##############################################################################
2017-01-16 17:53:03.963704 
2017-01-16 17:53:03.963723 ## process/init/relation/reviews #############################################
2017-01-16 17:53:03.963743 # Done: N/A
2017-01-16 17:53:03.963762 process/init/relation/reviews/run.sh
2017-01-16 17:53:03.963782 ++ dirname process/init/relation/reviews/run.sh
2017-01-16 17:53:03.963801 + cd process/init/relation/reviews
2017-01-16 17:53:03.963820 + export DEEPDIVE_CURRENT_PROCESS_NAME=process/init/relation/reviews
2017-01-16 17:53:03.963839 + DEEPDIVE_CURRENT_PROCESS_NAME=process/init/relation/reviews
2017-01-16 17:53:03.963861 + deepdive create table reviews
2017-01-16 17:53:04.077025 CREATE TABLE
2017-01-16 17:53:04.077976 + deepdive load reviews
2017-01-16 17:53:04.166872 Loading reviews from input/reviews.csv (csv format)
2017-01-16 17:53:04.283199 COPY 2627
2017-01-16 17:53:04.292545 mark_done process/init/relation/reviews
2017-01-16 17:53:04.308584 ##############################################################################
2017-01-16 17:53:04.308653 
2017-01-16 17:53:04.308676 ## data/reviews ##############################################################
2017-01-16 17:53:04.308696 # Done: N/A
2017-01-16 17:53:04.308715 # no-op
2017-01-16 17:53:04.308734 mark_done data/reviews
2017-01-16 17:53:04.324350 ##############################################################################
2017-01-16 17:53:04.324409 
