2017-01-16 21:41:12.527761 # on Pranaabs-MacBook-Pro.local: deepdive do calibration-plots
2017-01-16 21:41:12.528180 # run/20170116/214108.622552000/plan.sh
2017-01-16 21:41:12.528205 # execution plan for model/calibration-plots
2017-01-16 21:41:12.528224 
2017-01-16 21:41:12.528242 : ## process/init/app ##########################################################
2017-01-16 21:41:12.528259 : # Done: 2017-01-16T21:29:35-0500 (11m 33s ago)
2017-01-16 21:41:12.528275 : process/init/app/run.sh
2017-01-16 21:41:12.528292 : mark_done process/init/app
2017-01-16 21:41:12.528308 : ##############################################################################
2017-01-16 21:41:12.528324 
2017-01-16 21:41:12.528340 : ## process/init/relation/reviews #############################################
2017-01-16 21:41:12.528357 : # Done: 2017-01-16T21:29:36-0500 (11m 32s ago)
2017-01-16 21:41:12.528373 : process/init/relation/reviews/run.sh
2017-01-16 21:41:12.528389 : mark_done process/init/relation/reviews
2017-01-16 21:41:12.528405 : ##############################################################################
2017-01-16 21:41:12.528421 
2017-01-16 21:41:12.528437 : ## data/reviews ##############################################################
2017-01-16 21:41:12.528453 : # Done: 2017-01-16T21:29:36-0500 (11m 32s ago)
2017-01-16 21:41:12.528470 : # no-op
2017-01-16 21:41:12.528486 : mark_done data/reviews
2017-01-16 21:41:12.528502 : ##############################################################################
2017-01-16 21:41:12.528517 
2017-01-16 21:41:12.528533 : ## process/ext_review_feature_by_extract_features ############################
2017-01-16 21:41:12.528549 : # Done: 2017-01-16T21:29:38-0500 (11m 30s ago)
2017-01-16 21:41:12.528565 : process/ext_review_feature_by_extract_features/run.sh
2017-01-16 21:41:12.528581 : mark_done process/ext_review_feature_by_extract_features
2017-01-16 21:41:12.528597 : ##############################################################################
2017-01-16 21:41:12.528613 
2017-01-16 21:41:12.528629 : ## data/review_feature #######################################################
2017-01-16 21:41:12.528645 : # Done: 2017-01-16T21:29:38-0500 (11m 30s ago)
2017-01-16 21:41:12.528661 : # no-op
2017-01-16 21:41:12.528677 : mark_done data/review_feature
2017-01-16 21:41:12.528694 : ##############################################################################
2017-01-16 21:41:12.528709 
2017-01-16 21:41:12.528725 : ## process/ext_is_negative ###################################################
2017-01-16 21:41:12.528741 : # Done: 2017-01-16T21:29:38-0500 (11m 30s ago)
2017-01-16 21:41:12.528757 : process/ext_is_negative/run.sh
2017-01-16 21:41:12.528773 : mark_done process/ext_is_negative
2017-01-16 21:41:12.528823 : ##############################################################################
2017-01-16 21:41:12.528842 
2017-01-16 21:41:12.528859 : ## data/is_negative ##########################################################
2017-01-16 21:41:12.528876 : # Done: 2017-01-16T21:29:38-0500 (11m 30s ago)
2017-01-16 21:41:12.528893 : # no-op
2017-01-16 21:41:12.528911 : mark_done data/is_negative
2017-01-16 21:41:12.528929 : ##############################################################################
2017-01-16 21:41:12.528950 
2017-01-16 21:41:12.528968 : ## process/ext_is_neutral ####################################################
2017-01-16 21:41:12.528984 : # Done: 2017-01-16T21:36:21-0500 (4m 47s ago)
2017-01-16 21:41:12.528999 : process/ext_is_neutral/run.sh
2017-01-16 21:41:12.529015 : mark_done process/ext_is_neutral
2017-01-16 21:41:12.529031 : ##############################################################################
2017-01-16 21:41:12.529047 
2017-01-16 21:41:12.529063 : ## data/is_neutral ###########################################################
2017-01-16 21:41:12.529079 : # Done: 2017-01-16T21:36:21-0500 (4m 47s ago)
2017-01-16 21:41:12.529095 : # no-op
2017-01-16 21:41:12.529110 : mark_done data/is_neutral
2017-01-16 21:41:12.529126 : ##############################################################################
2017-01-16 21:41:12.529142 
2017-01-16 21:41:12.529158 : ## process/ext_is_positive ###################################################
2017-01-16 21:41:12.529174 : # Done: 2017-01-16T21:36:21-0500 (4m 47s ago)
2017-01-16 21:41:12.529190 : process/ext_is_positive/run.sh
2017-01-16 21:41:12.529206 : mark_done process/ext_is_positive
2017-01-16 21:41:12.529221 : ##############################################################################
2017-01-16 21:41:12.529237 
2017-01-16 21:41:12.529253 : ## data/is_positive ##########################################################
2017-01-16 21:41:12.529269 : # Done: 2017-01-16T21:36:21-0500 (4m 47s ago)
2017-01-16 21:41:12.529284 : # no-op
2017-01-16 21:41:12.529300 : mark_done data/is_positive
2017-01-16 21:41:12.529316 : ##############################################################################
2017-01-16 21:41:12.529331 
2017-01-16 21:41:12.529347 : ## process/ext_is_somewhat_negative ##########################################
2017-01-16 21:41:12.529363 : # Done: 2017-01-16T21:36:21-0500 (4m 47s ago)
2017-01-16 21:41:12.529379 : process/ext_is_somewhat_negative/run.sh
2017-01-16 21:41:12.529395 : mark_done process/ext_is_somewhat_negative
2017-01-16 21:41:12.529411 : ##############################################################################
2017-01-16 21:41:12.529428 
2017-01-16 21:41:12.529444 : ## data/is_somewhat_negative #################################################
2017-01-16 21:41:12.529462 : # Done: 2017-01-16T21:36:21-0500 (4m 47s ago)
2017-01-16 21:41:12.529478 : # no-op
2017-01-16 21:41:12.529494 : mark_done data/is_somewhat_negative
2017-01-16 21:41:12.529510 : ##############################################################################
2017-01-16 21:41:12.529526 
2017-01-16 21:41:12.529541 : ## process/ext_is_somewhat_positive ##########################################
2017-01-16 21:41:12.529557 : # Done: 2017-01-16T21:36:21-0500 (4m 47s ago)
2017-01-16 21:41:12.529573 : process/ext_is_somewhat_positive/run.sh
2017-01-16 21:41:12.529589 : mark_done process/ext_is_somewhat_positive
2017-01-16 21:41:12.529605 : ##############################################################################
2017-01-16 21:41:12.529620 
2017-01-16 21:41:12.529636 : ## data/is_somewhat_positive #################################################
2017-01-16 21:41:12.529654 : # Done: 2017-01-16T21:36:21-0500 (4m 47s ago)
2017-01-16 21:41:12.529671 : # no-op
2017-01-16 21:41:12.529689 : mark_done data/is_somewhat_positive
2017-01-16 21:41:12.529707 : ##############################################################################
2017-01-16 21:41:12.529724 
2017-01-16 21:41:12.529742 : ## process/grounding/variable_id_partition ###################################
2017-01-16 21:41:12.529758 : # Done: 2017-01-16T21:36:22-0500 (4m 46s ago)
2017-01-16 21:41:12.529774 : process/grounding/variable_id_partition/run.sh
2017-01-16 21:41:12.529790 : mark_done process/grounding/variable_id_partition
2017-01-16 21:41:12.529806 : ##############################################################################
2017-01-16 21:41:12.529822 
2017-01-16 21:41:12.529838 : ## process/grounding/variable/is_negative/assign_id ##########################
2017-01-16 21:41:12.529853 : # Done: 2017-01-16T21:36:22-0500 (4m 46s ago)
2017-01-16 21:41:12.529869 : process/grounding/variable/is_negative/assign_id/run.sh
2017-01-16 21:41:12.529885 : mark_done process/grounding/variable/is_negative/assign_id
2017-01-16 21:41:12.529901 : ##############################################################################
2017-01-16 21:41:12.529917 
2017-01-16 21:41:12.529933 : ## process/grounding/factor/inf_istrue_is_negative/materialize ###############
2017-01-16 21:41:12.529948 : # Done: 2017-01-16T21:36:23-0500 (4m 45s ago)
2017-01-16 21:41:12.529964 : process/grounding/factor/inf_istrue_is_negative/materialize/run.sh
2017-01-16 21:41:12.529980 : mark_done process/grounding/factor/inf_istrue_is_negative/materialize
2017-01-16 21:41:12.529996 : ##############################################################################
2017-01-16 21:41:12.530012 
2017-01-16 21:41:12.530028 : ## process/grounding/variable/is_neutral/assign_id ###########################
2017-01-16 21:41:12.530045 : # Done: 2017-01-16T21:36:23-0500 (4m 46s ago)
2017-01-16 21:41:12.530061 : process/grounding/variable/is_neutral/assign_id/run.sh
2017-01-16 21:41:12.530077 : mark_done process/grounding/variable/is_neutral/assign_id
2017-01-16 21:41:12.530093 : ##############################################################################
2017-01-16 21:41:12.530109 
2017-01-16 21:41:12.530125 : ## process/grounding/factor/inf_istrue_is_neutral/materialize ################
2017-01-16 21:41:12.530141 : # Done: 2017-01-16T21:36:23-0500 (4m 46s ago)
2017-01-16 21:41:12.530157 : process/grounding/factor/inf_istrue_is_neutral/materialize/run.sh
2017-01-16 21:41:12.530173 : mark_done process/grounding/factor/inf_istrue_is_neutral/materialize
2017-01-16 21:41:12.530189 : ##############################################################################
2017-01-16 21:41:12.530205 
2017-01-16 21:41:12.530221 : ## process/grounding/variable/is_positive/assign_id ##########################
2017-01-16 21:41:12.530237 : # Done: 2017-01-16T21:36:23-0500 (4m 46s ago)
2017-01-16 21:41:12.530253 : process/grounding/variable/is_positive/assign_id/run.sh
2017-01-16 21:41:12.530281 : mark_done process/grounding/variable/is_positive/assign_id
2017-01-16 21:41:12.530298 : ##############################################################################
2017-01-16 21:41:12.530314 
2017-01-16 21:41:12.530330 : ## process/grounding/factor/inf_istrue_is_positive/materialize ###############
2017-01-16 21:41:12.530346 : # Done: 2017-01-16T21:36:24-0500 (4m 45s ago)
2017-01-16 21:41:12.530361 : process/grounding/factor/inf_istrue_is_positive/materialize/run.sh
2017-01-16 21:41:12.530377 : mark_done process/grounding/factor/inf_istrue_is_positive/materialize
2017-01-16 21:41:12.530393 : ##############################################################################
2017-01-16 21:41:12.530409 
2017-01-16 21:41:12.530425 : ## process/grounding/variable/is_somewhat_negative/assign_id #################
2017-01-16 21:41:12.530442 : # Done: 2017-01-16T21:36:24-0500 (4m 45s ago)
2017-01-16 21:41:12.530460 : process/grounding/variable/is_somewhat_negative/assign_id/run.sh
2017-01-16 21:41:12.530478 : mark_done process/grounding/variable/is_somewhat_negative/assign_id
2017-01-16 21:41:12.530495 : ##############################################################################
2017-01-16 21:41:12.530513 
2017-01-16 21:41:12.530529 : ## process/grounding/factor/inf_istrue_is_somewhat_negative/materialize ######
2017-01-16 21:41:12.530545 : # Done: 2017-01-16T21:36:25-0500 (4m 44s ago)
2017-01-16 21:41:12.530561 : process/grounding/factor/inf_istrue_is_somewhat_negative/materialize/run.sh
2017-01-16 21:41:12.530577 : mark_done process/grounding/factor/inf_istrue_is_somewhat_negative/materialize
2017-01-16 21:41:12.530593 : ##############################################################################
2017-01-16 21:41:12.530609 
2017-01-16 21:41:12.530624 : ## process/grounding/variable/is_somewhat_positive/assign_id #################
2017-01-16 21:41:12.530640 : # Done: 2017-01-16T21:36:25-0500 (4m 44s ago)
2017-01-16 21:41:12.530656 : process/grounding/variable/is_somewhat_positive/assign_id/run.sh
2017-01-16 21:41:12.530672 : mark_done process/grounding/variable/is_somewhat_positive/assign_id
2017-01-16 21:41:12.530688 : ##############################################################################
2017-01-16 21:41:12.530704 
2017-01-16 21:41:12.530720 : ## process/grounding/factor/inf_istrue_is_somewhat_positive/materialize ######
2017-01-16 21:41:12.530735 : # Done: 2017-01-16T21:36:25-0500 (4m 44s ago)
2017-01-16 21:41:12.530751 : process/grounding/factor/inf_istrue_is_somewhat_positive/materialize/run.sh
2017-01-16 21:41:12.530767 : mark_done process/grounding/factor/inf_istrue_is_somewhat_positive/materialize
2017-01-16 21:41:12.530783 : ##############################################################################
2017-01-16 21:41:12.530799 
2017-01-16 21:41:12.530815 : ## process/grounding/weight_id_partition #####################################
2017-01-16 21:41:12.530831 : # Done: 2017-01-16T21:36:26-0500 (4m 43s ago)
2017-01-16 21:41:12.530851 : process/grounding/weight_id_partition/run.sh
2017-01-16 21:41:12.530868 : mark_done process/grounding/weight_id_partition
2017-01-16 21:41:12.530884 : ##############################################################################
2017-01-16 21:41:12.530899 
2017-01-16 21:41:12.530915 : ## process/grounding/factor/inf_istrue_is_negative/assign_weight_id ##########
2017-01-16 21:41:12.530931 : # Done: 2017-01-16T21:36:26-0500 (4m 43s ago)
2017-01-16 21:41:12.530947 : process/grounding/factor/inf_istrue_is_negative/assign_weight_id/run.sh
2017-01-16 21:41:12.530963 : mark_done process/grounding/factor/inf_istrue_is_negative/assign_weight_id
2017-01-16 21:41:12.530979 : ##############################################################################
2017-01-16 21:41:12.530994 
2017-01-16 21:41:12.531010 : ## process/grounding/factor/inf_istrue_is_negative/dump ######################
2017-01-16 21:41:12.531026 : # Done: 2017-01-16T21:36:27-0500 (4m 42s ago)
2017-01-16 21:41:12.531042 : process/grounding/factor/inf_istrue_is_negative/dump/run.sh
2017-01-16 21:41:12.531057 : mark_done process/grounding/factor/inf_istrue_is_negative/dump
2017-01-16 21:41:12.531073 : ##############################################################################
2017-01-16 21:41:12.531089 
2017-01-16 21:41:12.531105 : ## process/grounding/factor/inf_istrue_is_negative/dump_weights ##############
2017-01-16 21:41:12.531121 : # Done: 2017-01-16T21:36:27-0500 (4m 42s ago)
2017-01-16 21:41:12.531136 : process/grounding/factor/inf_istrue_is_negative/dump_weights/run.sh
2017-01-16 21:41:12.531152 : mark_done process/grounding/factor/inf_istrue_is_negative/dump_weights
2017-01-16 21:41:12.531168 : ##############################################################################
2017-01-16 21:41:12.531183 
2017-01-16 21:41:12.531199 : ## process/grounding/factor/inf_istrue_is_neutral/assign_weight_id ###########
2017-01-16 21:41:12.531216 : # Done: 2017-01-16T21:36:27-0500 (4m 42s ago)
2017-01-16 21:41:12.531233 : process/grounding/factor/inf_istrue_is_neutral/assign_weight_id/run.sh
2017-01-16 21:41:12.531251 : mark_done process/grounding/factor/inf_istrue_is_neutral/assign_weight_id
2017-01-16 21:41:12.531269 : ##############################################################################
2017-01-16 21:41:12.531286 
2017-01-16 21:41:12.531304 : ## process/grounding/factor/inf_istrue_is_neutral/dump #######################
2017-01-16 21:41:12.531323 : # Done: 2017-01-16T21:36:28-0500 (4m 41s ago)
2017-01-16 21:41:12.531340 : process/grounding/factor/inf_istrue_is_neutral/dump/run.sh
2017-01-16 21:41:12.531355 : mark_done process/grounding/factor/inf_istrue_is_neutral/dump
2017-01-16 21:41:12.531371 : ##############################################################################
2017-01-16 21:41:12.531387 
2017-01-16 21:41:12.531403 : ## process/grounding/factor/inf_istrue_is_neutral/dump_weights ###############
2017-01-16 21:41:12.531419 : # Done: 2017-01-16T21:36:29-0500 (4m 40s ago)
2017-01-16 21:41:12.531435 : process/grounding/factor/inf_istrue_is_neutral/dump_weights/run.sh
2017-01-16 21:41:12.531450 : mark_done process/grounding/factor/inf_istrue_is_neutral/dump_weights
2017-01-16 21:41:12.531466 : ##############################################################################
2017-01-16 21:41:12.531482 
2017-01-16 21:41:12.531498 : ## process/grounding/factor/inf_istrue_is_positive/assign_weight_id ##########
2017-01-16 21:41:12.531513 : # Done: 2017-01-16T21:36:29-0500 (4m 40s ago)
2017-01-16 21:41:12.531529 : process/grounding/factor/inf_istrue_is_positive/assign_weight_id/run.sh
2017-01-16 21:41:12.531545 : mark_done process/grounding/factor/inf_istrue_is_positive/assign_weight_id
2017-01-16 21:41:12.531561 : ##############################################################################
2017-01-16 21:41:12.531577 
2017-01-16 21:41:12.531592 : ## process/grounding/factor/inf_istrue_is_positive/dump ######################
2017-01-16 21:41:12.531608 : # Done: 2017-01-16T21:36:30-0500 (4m 39s ago)
2017-01-16 21:41:12.531625 : process/grounding/factor/inf_istrue_is_positive/dump/run.sh
2017-01-16 21:41:12.531641 : mark_done process/grounding/factor/inf_istrue_is_positive/dump
2017-01-16 21:41:12.531657 : ##############################################################################
2017-01-16 21:41:12.531673 
2017-01-16 21:41:12.531689 : ## process/grounding/factor/inf_istrue_is_positive/dump_weights ##############
2017-01-16 21:41:12.531704 : # Done: 2017-01-16T21:36:30-0500 (4m 39s ago)
2017-01-16 21:41:12.531720 : process/grounding/factor/inf_istrue_is_positive/dump_weights/run.sh
2017-01-16 21:41:12.531736 : mark_done process/grounding/factor/inf_istrue_is_positive/dump_weights
2017-01-16 21:41:12.531752 : ##############################################################################
2017-01-16 21:41:12.531768 
2017-01-16 21:41:12.531784 : ## process/grounding/factor/inf_istrue_is_somewhat_negative/assign_weight_id #
2017-01-16 21:41:12.531799 : # Done: 2017-01-16T21:36:30-0500 (4m 39s ago)
2017-01-16 21:41:12.531815 : process/grounding/factor/inf_istrue_is_somewhat_negative/assign_weight_id/run.sh
2017-01-16 21:41:12.532032 : mark_done process/grounding/factor/inf_istrue_is_somewhat_negative/assign_weight_id
2017-01-16 21:41:12.532054 : ##############################################################################
2017-01-16 21:41:12.532071 
2017-01-16 21:41:12.532087 : ## process/grounding/factor/inf_istrue_is_somewhat_negative/dump #############
2017-01-16 21:41:12.532103 : # Done: 2017-01-16T21:36:31-0500 (4m 38s ago)
2017-01-16 21:41:12.532119 : process/grounding/factor/inf_istrue_is_somewhat_negative/dump/run.sh
2017-01-16 21:41:12.532135 : mark_done process/grounding/factor/inf_istrue_is_somewhat_negative/dump
2017-01-16 21:41:12.532151 : ##############################################################################
2017-01-16 21:41:12.532167 
2017-01-16 21:41:12.532183 : ## process/grounding/factor/inf_istrue_is_somewhat_negative/dump_weights #####
2017-01-16 21:41:12.532199 : # Done: 2017-01-16T21:36:31-0500 (4m 38s ago)
2017-01-16 21:41:12.532215 : process/grounding/factor/inf_istrue_is_somewhat_negative/dump_weights/run.sh
2017-01-16 21:41:12.532230 : mark_done process/grounding/factor/inf_istrue_is_somewhat_negative/dump_weights
2017-01-16 21:41:12.532246 : ##############################################################################
2017-01-16 21:41:12.532262 
2017-01-16 21:41:12.532278 : ## process/grounding/factor/inf_istrue_is_somewhat_positive/assign_weight_id #
2017-01-16 21:41:12.532294 : # Done: 2017-01-16T21:36:32-0500 (4m 37s ago)
2017-01-16 21:41:12.532310 : process/grounding/factor/inf_istrue_is_somewhat_positive/assign_weight_id/run.sh
2017-01-16 21:41:12.532326 : mark_done process/grounding/factor/inf_istrue_is_somewhat_positive/assign_weight_id
2017-01-16 21:41:12.532341 : ##############################################################################
2017-01-16 21:41:12.532357 
2017-01-16 21:41:12.532373 : ## process/grounding/factor/inf_istrue_is_somewhat_positive/dump #############
2017-01-16 21:41:12.532389 : # Done: 2017-01-16T21:36:33-0500 (4m 36s ago)
2017-01-16 21:41:12.532405 : process/grounding/factor/inf_istrue_is_somewhat_positive/dump/run.sh
2017-01-16 21:41:12.532420 : mark_done process/grounding/factor/inf_istrue_is_somewhat_positive/dump
2017-01-16 21:41:12.532436 : ##############################################################################
2017-01-16 21:41:12.532452 
2017-01-16 21:41:12.532468 : ## process/grounding/factor/inf_istrue_is_somewhat_positive/dump_weights #####
2017-01-16 21:41:12.532484 : # Done: 2017-01-16T21:36:33-0500 (4m 36s ago)
2017-01-16 21:41:12.532500 : process/grounding/factor/inf_istrue_is_somewhat_positive/dump_weights/run.sh
2017-01-16 21:41:12.532516 : mark_done process/grounding/factor/inf_istrue_is_somewhat_positive/dump_weights
2017-01-16 21:41:12.532531 : ##############################################################################
2017-01-16 21:41:12.532547 
2017-01-16 21:41:12.532563 : ## process/grounding/global_weight_table #####################################
2017-01-16 21:41:12.532579 : # Done: 2017-01-16T21:36:33-0500 (4m 36s ago)
2017-01-16 21:41:12.532595 : process/grounding/global_weight_table/run.sh
2017-01-16 21:41:12.532611 : mark_done process/grounding/global_weight_table
2017-01-16 21:41:12.532626 : ##############################################################################
2017-01-16 21:41:12.532642 
2017-01-16 21:41:12.532658 : ## process/grounding/variable_holdout ########################################
2017-01-16 21:41:12.532674 : # Done: 2017-01-16T21:36:34-0500 (4m 35s ago)
2017-01-16 21:41:12.532690 : process/grounding/variable_holdout/run.sh
2017-01-16 21:41:12.532705 : mark_done process/grounding/variable_holdout
2017-01-16 21:41:12.532721 : ##############################################################################
2017-01-16 21:41:12.532737 
2017-01-16 21:41:12.532753 : ## process/grounding/variable/is_negative/dump ###############################
2017-01-16 21:41:12.532770 : # Done: 2017-01-16T21:36:34-0500 (4m 35s ago)
2017-01-16 21:41:12.532787 : process/grounding/variable/is_negative/dump/run.sh
2017-01-16 21:41:12.532805 : mark_done process/grounding/variable/is_negative/dump
2017-01-16 21:41:12.532822 : ##############################################################################
2017-01-16 21:41:12.532839 
2017-01-16 21:41:12.532856 : ## process/grounding/variable/is_neutral/dump ################################
2017-01-16 21:41:12.532872 : # Done: 2017-01-16T21:36:35-0500 (4m 34s ago)
2017-01-16 21:41:12.532888 : process/grounding/variable/is_neutral/dump/run.sh
2017-01-16 21:41:12.532904 : mark_done process/grounding/variable/is_neutral/dump
2017-01-16 21:41:12.532920 : ##############################################################################
2017-01-16 21:41:12.532935 
2017-01-16 21:41:12.532951 : ## process/grounding/variable/is_positive/dump ###############################
2017-01-16 21:41:12.532967 : # Done: 2017-01-16T21:36:35-0500 (4m 34s ago)
2017-01-16 21:41:12.532983 : process/grounding/variable/is_positive/dump/run.sh
2017-01-16 21:41:12.532998 : mark_done process/grounding/variable/is_positive/dump
2017-01-16 21:41:12.533014 : ##############################################################################
2017-01-16 21:41:12.533030 
2017-01-16 21:41:12.533045 : ## process/grounding/variable/is_somewhat_negative/dump ######################
2017-01-16 21:41:12.533061 : # Done: 2017-01-16T21:36:35-0500 (4m 34s ago)
2017-01-16 21:41:12.533077 : process/grounding/variable/is_somewhat_negative/dump/run.sh
2017-01-16 21:41:12.533093 : mark_done process/grounding/variable/is_somewhat_negative/dump
2017-01-16 21:41:12.533109 : ##############################################################################
2017-01-16 21:41:12.533124 
2017-01-16 21:41:12.533140 : ## process/grounding/variable/is_somewhat_positive/dump ######################
2017-01-16 21:41:12.533156 : # Done: 2017-01-16T21:36:36-0500 (4m 33s ago)
2017-01-16 21:41:12.533172 : process/grounding/variable/is_somewhat_positive/dump/run.sh
2017-01-16 21:41:12.533188 : mark_done process/grounding/variable/is_somewhat_positive/dump
2017-01-16 21:41:12.533233 : ##############################################################################
2017-01-16 21:41:12.533251 
2017-01-16 21:41:12.533268 : ## process/grounding/combine_factorgraph #####################################
2017-01-16 21:41:12.533283 : # Done: 2017-01-16T21:36:36-0500 (4m 33s ago)
2017-01-16 21:41:12.533299 : process/grounding/combine_factorgraph/run.sh
2017-01-16 21:41:12.533317 : mark_done process/grounding/combine_factorgraph
2017-01-16 21:41:12.533334 : ##############################################################################
2017-01-16 21:41:12.533350 
2017-01-16 21:41:12.533366 : ## model/factorgraph #########################################################
2017-01-16 21:41:12.533384 : # Done: 2017-01-16T21:36:36-0500 (4m 33s ago)
2017-01-16 21:41:12.533400 : mark_done model/factorgraph
2017-01-16 21:41:12.533415 : ##############################################################################
2017-01-16 21:41:12.533431 
2017-01-16 21:41:12.533447 : ## process/model/learning ####################################################
2017-01-16 21:41:12.533463 : # Done: 2017-01-16T21:36:46-0500 (4m 23s ago)
2017-01-16 21:41:12.533478 : process/model/learning/run.sh
2017-01-16 21:41:12.533494 : mark_done process/model/learning
2017-01-16 21:41:12.533510 : ##############################################################################
2017-01-16 21:41:12.533526 
2017-01-16 21:41:12.533542 : ## model/weights #############################################################
2017-01-16 21:41:12.533559 : # Done: 2017-01-16T21:36:46-0500 (4m 23s ago)
2017-01-16 21:41:12.533577 : mark_done model/weights
2017-01-16 21:41:12.533594 : ##############################################################################
2017-01-16 21:41:12.533612 
2017-01-16 21:41:12.533630 : ## process/model/inference ###################################################
2017-01-16 21:41:12.533646 : # Done: 2017-01-16T21:36:46-0500 (4m 23s ago)
2017-01-16 21:41:12.533662 : process/model/inference/run.sh
2017-01-16 21:41:12.533678 : mark_done process/model/inference
2017-01-16 21:41:12.533694 : ##############################################################################
2017-01-16 21:41:12.533710 
2017-01-16 21:41:12.533726 : ## model/probabilities #######################################################
2017-01-16 21:41:12.533742 : # Done: 2017-01-16T21:36:46-0500 (4m 23s ago)
2017-01-16 21:41:12.533758 : mark_done model/probabilities
2017-01-16 21:41:12.533774 : ##############################################################################
2017-01-16 21:41:12.533790 
2017-01-16 21:41:12.533805 : ## process/model/load_probabilities ##########################################
2017-01-16 21:41:12.533823 : # Done: 2017-01-16T21:36:47-0500 (4m 22s ago)
2017-01-16 21:41:12.533841 : process/model/load_probabilities/run.sh
2017-01-16 21:41:12.533857 : mark_done process/model/load_probabilities
2017-01-16 21:41:12.533873 : ##############################################################################
2017-01-16 21:41:12.533889 
2017-01-16 21:41:12.533905 : ## data/model/probabilities ##################################################
2017-01-16 21:41:12.533920 : # Done: 2017-01-16T21:36:47-0500 (4m 22s ago)
2017-01-16 21:41:12.533936 : # no-op
2017-01-16 21:41:12.533951 : mark_done data/model/probabilities
2017-01-16 21:41:12.533967 : ##############################################################################
2017-01-16 21:41:12.533983 
2017-01-16 21:41:12.533999 ## process/model/calibration #################################################
2017-01-16 21:41:12.534015 # Done: N/A
2017-01-16 21:41:12.534030 process/model/calibration/run.sh
2017-01-16 21:41:12.534046 ++ dirname process/model/calibration/run.sh
2017-01-16 21:41:12.534062 + cd process/model/calibration
2017-01-16 21:41:12.534078 + export DEEPDIVE_CURRENT_PROCESS_NAME=process/model/calibration
2017-01-16 21:41:12.534094 + DEEPDIVE_CURRENT_PROCESS_NAME=process/model/calibration
2017-01-16 21:41:12.534110 + d=../../../model/calibration-plots
2017-01-16 21:41:12.534126 + mkdir -p ../../../model/calibration-plots
2017-01-16 21:41:12.534141 + cd ../../../model/calibration-plots
2017-01-16 21:41:12.534157 + extraOutput=/Users/pranaab/Developer/Term3A/URA/movie-review/run/20170116/214108.622552000/calibration
2017-01-16 21:41:12.534174 + mkdir -p /Users/pranaab/Developer/Term3A/URA/movie-review/run/20170116/214108.622552000/calibration
2017-01-16 21:41:12.534190 + DEEPDIVE_CALIBRATION_NUM_BUCKETS=10
2017-01-16 21:41:12.534206 + deepdive db create_calibration_view is_negative label
2017-01-16 21:41:12.676984 CREATE VIEW
2017-01-16 21:41:12.678751 + draw_calibration_plot is_negative label
2017-01-16 21:41:12.867776 + cp -a is_negative_label.png is_negative_label.tsv /Users/pranaab/Developer/Term3A/URA/movie-review/run/20170116/214108.622552000/calibration/
2017-01-16 21:41:12.876207 + deepdive db create_calibration_view is_neutral label
2017-01-16 21:41:13.029726 CREATE VIEW
2017-01-16 21:41:13.031369 + draw_calibration_plot is_neutral label
2017-01-16 21:41:13.205046 + cp -a is_neutral_label.png is_neutral_label.tsv /Users/pranaab/Developer/Term3A/URA/movie-review/run/20170116/214108.622552000/calibration/
2017-01-16 21:41:13.208446 + deepdive db create_calibration_view is_positive label
2017-01-16 21:41:13.350198 CREATE VIEW
2017-01-16 21:41:13.351788 + draw_calibration_plot is_positive label
2017-01-16 21:41:13.517531 + cp -a is_positive_label.png is_positive_label.tsv /Users/pranaab/Developer/Term3A/URA/movie-review/run/20170116/214108.622552000/calibration/
2017-01-16 21:41:13.520855 + deepdive db create_calibration_view is_somewhat_negative label
2017-01-16 21:41:13.647337 CREATE VIEW
2017-01-16 21:41:13.648815 + draw_calibration_plot is_somewhat_negative label
2017-01-16 21:41:13.824193 + cp -a is_somewhat_negative_label.png is_somewhat_negative_label.tsv /Users/pranaab/Developer/Term3A/URA/movie-review/run/20170116/214108.622552000/calibration/
2017-01-16 21:41:13.827536 + deepdive db create_calibration_view is_somewhat_positive label
2017-01-16 21:41:14.005122 CREATE VIEW
2017-01-16 21:41:14.006494 + draw_calibration_plot is_somewhat_positive label
2017-01-16 21:41:14.173077 + cp -a is_somewhat_positive_label.png is_somewhat_positive_label.tsv /Users/pranaab/Developer/Term3A/URA/movie-review/run/20170116/214108.622552000/calibration/
2017-01-16 21:41:14.176854 mark_done process/model/calibration
2017-01-16 21:41:14.191609 ##############################################################################
2017-01-16 21:41:14.191668 
2017-01-16 21:41:14.191692 ## model/calibration-plots ###################################################
2017-01-16 21:41:14.191713 # Done: N/A
2017-01-16 21:41:14.191733 mark_done model/calibration-plots
2017-01-16 21:41:14.208409 ##############################################################################
2017-01-16 21:41:14.208474 
