2017-01-16 17:51:49.914249 # on Pranaabs-MacBook-Pro.local: deepdive do reviews
2017-01-16 17:51:49.914505 # run/20170116/175147.405208000/plan.sh
2017-01-16 17:51:49.914529 # execution plan for data/reviews
2017-01-16 17:51:49.914548 
2017-01-16 17:51:49.914565 ## process/init/app ##########################################################
2017-01-16 17:51:49.914583 # Done: N/A
2017-01-16 17:51:49.914600 process/init/app/run.sh
2017-01-16 17:51:49.914617 ++ dirname process/init/app/run.sh
2017-01-16 17:51:49.914634 + cd process/init/app
2017-01-16 17:51:49.914652 + export DEEPDIVE_CURRENT_PROCESS_NAME=process/init/app
2017-01-16 17:51:49.914736 + DEEPDIVE_CURRENT_PROCESS_NAME=process/init/app
2017-01-16 17:51:49.914782 + deepdive db init
2017-01-16 17:51:49.962182 dropdb: database removal failed: ERROR:  database "deepdive_movie_pranaab" does not exist
2017-01-16 17:51:50.307921 + cd /Users/pranaab/Developer/Term3A/URA/movie-review
2017-01-16 17:51:50.307997 + [[ -r schema.sql ]]
2017-01-16 17:51:50.308045 + [[ -x input/init.sh ]]
2017-01-16 17:51:50.308347 mark_done process/init/app
2017-01-16 17:51:50.321724 ##############################################################################
2017-01-16 17:51:50.321782 
2017-01-16 17:51:50.321805 ## process/init/relation/reviews #############################################
2017-01-16 17:51:50.321823 # Done: N/A
2017-01-16 17:51:50.321839 process/init/relation/reviews/run.sh
2017-01-16 17:51:50.327364 ++ dirname process/init/relation/reviews/run.sh
2017-01-16 17:51:50.329826 + cd process/init/relation/reviews
2017-01-16 17:51:50.329924 + export DEEPDIVE_CURRENT_PROCESS_NAME=process/init/relation/reviews
2017-01-16 17:51:50.329963 + DEEPDIVE_CURRENT_PROCESS_NAME=process/init/relation/reviews
2017-01-16 17:51:50.329988 + deepdive create table reviews
2017-01-16 17:51:50.481575 NOTICE:  table "reviews" does not exist, skipping
2017-01-16 17:51:50.489590 CREATE TABLE
2017-01-16 17:51:50.490558 + deepdive load reviews
2017-01-16 17:51:50.581668 Loading reviews from input/reviews.csv (csv format)
2017-01-16 17:51:50.709838 ERROR:  invalid input syntax for integer: "SentenceId"
2017-01-16 17:51:50.709937 CONTEXT:  COPY reviews, line 1, column id: "SentenceId"
