2017-01-16 21:29:12.452800 ‘run/LATEST.COMPILE’ -> ‘20170116/212912.347986000’
2017-01-16 21:29:12.453174 ‘run/RUNNING.COMPILE’ -> ‘20170116/212912.347986000’
2017-01-16 21:29:12.453301 Parsing DeepDive application (/Users/pranaab/Developer/Term3A/URA/movie-review) to generate:
2017-01-16 21:29:12.453623  run/compiled/schema.json
2017-01-16 21:29:12.453669   from app.ddlog
2017-01-16 21:29:13.245133  run/compiled/deepdive.conf
2017-01-16 21:29:13.245301   from app.ddlog
2017-01-16 21:29:14.131851   from deepdive.conf
2017-01-16 21:29:14.141623  run/compiled/deepdive.conf.json
2017-01-16 21:29:14.588411 Performing sanity checks on run/compiled/deepdive.conf.json:
2017-01-16 21:29:14.640712  checking if input_extractors_well_defined
2017-01-16 21:29:14.640769  checking if input_schema_wellformed
2017-01-16 21:29:14.641052 Normalizing and adding built-in processes to the data flow to compile:
2017-01-16 21:29:14.641671  run/compiled/config-0.00-init_objects.json
2017-01-16 21:29:14.662454  run/compiled/config-0.01-parse_calibration.json
2017-01-16 21:29:14.681641  run/compiled/config-0.01-parse_schema.json
2017-01-16 21:29:14.704542  run/compiled/config-0.51-add_init_app.json
2017-01-16 21:29:14.722819  run/compiled/config-0.52-input_loader.json
2017-01-16 21:29:14.743723  run/compiled/config-1.00-qualified_names.json
2017-01-16 21:29:14.767952  run/compiled/config-1.01-parse_inference_rules.json
2017-01-16 21:29:14.809956  run/compiled/config-2.01-grounding.json
2017-01-16 21:29:14.914582  run/compiled/config-2.02-learning_inference.json
2017-01-16 21:29:14.944330  run/compiled/config-2.03-calibration_plots.json
2017-01-16 21:29:14.974219  run/compiled/config-9.98-ensure_init_app.json
2017-01-16 21:29:14.997889  run/compiled/config-9.99-dependencies.json
2017-01-16 21:29:15.023210  run/compiled/config.json
2017-01-16 21:29:15.026879 Validating run/compiled/config.json:
2017-01-16 21:29:15.144797  checking if compiled_base_relations_have_input_data
2017-01-16 21:29:15.144858  checking if compiled_dependencies_correct
2017-01-16 21:29:15.144879  checking if compiled_input_output_well_defined
2017-01-16 21:29:15.144897  checking if compiled_output_uniquely_defined
2017-01-16 21:29:15.145144 Compiling executable code into:
2017-01-16 21:29:15.145475  run/compiled/code-Makefile.json
2017-01-16 21:29:15.176357  run/compiled/code-cmd_extractor.json
2017-01-16 21:29:15.197766  run/compiled/code-dataflow_dot.json
2017-01-16 21:29:15.230083  run/compiled/code-sql_extractor.json
2017-01-16 21:29:15.251620  run/compiled/code-tsv_extractor.json
2017-01-16 21:29:15.285970 Generating files:
2017-01-16 21:29:15.314087  run/Makefile
2017-01-16 21:29:15.338518  run/process/init/app/run.sh
2017-01-16 21:29:15.359110  run/process/init/relation/reviews/run.sh
2017-01-16 21:29:15.383892  run/process/ext_is_negative/run.sh
2017-01-16 21:29:15.402827  run/process/ext_is_neutral/run.sh
2017-01-16 21:29:15.437502  run/process/ext_is_positive/run.sh
2017-01-16 21:29:15.459849  run/process/ext_is_somewhat_negative/run.sh
2017-01-16 21:29:15.484169  run/process/ext_is_somewhat_positive/run.sh
2017-01-16 21:29:15.503168  run/process/grounding/variable_id_partition/run.sh
2017-01-16 21:29:15.531953  run/process/grounding/variable/is_negative/assign_id/run.sh
2017-01-16 21:29:15.550867  run/process/grounding/variable_holdout/run.sh
2017-01-16 21:29:15.581010  run/process/grounding/variable/is_negative/dump/run.sh
2017-01-16 21:29:15.605250  run/process/grounding/factor/inf_istrue_is_negative/materialize/run.sh
2017-01-16 21:29:15.632401  run/process/grounding/weight_id_partition/run.sh
2017-01-16 21:29:15.651573  run/process/grounding/global_weight_table/run.sh
2017-01-16 21:29:15.679059  run/process/grounding/factor/inf_istrue_is_negative/assign_weight_id/run.sh
2017-01-16 21:29:15.697965  run/process/grounding/factor/inf_istrue_is_negative/dump/run.sh
2017-01-16 21:29:15.728183  run/process/grounding/factor/inf_istrue_is_negative/dump_weights/run.sh
2017-01-16 21:29:15.758429  run/process/grounding/combine_factorgraph/run.sh
2017-01-16 21:29:15.784902  run/process/model/learning/run.sh
2017-01-16 21:29:15.804573  run/process/model/inference/run.sh
2017-01-16 21:29:15.833639  run/process/model/load_weights/run.sh
2017-01-16 21:29:15.852818  run/process/model/load_probabilities/run.sh
2017-01-16 21:29:15.884540  run/process/model/calibration/run.sh
2017-01-16 21:29:15.912213  run/dataflow.dot
2017-01-16 21:29:15.937517  run/process/ext_review_feature_by_extract_features/run.sh
2017-01-16 21:29:15.983186 Warning: Could not load "/Users/pranaab/local/lib/bundled/graphviz/prefix/bin/../lib/graphviz/libgvplugin_pango.6.dylib" - file not found
2017-01-16 21:29:15.988973  run/dataflow.svg
2017-01-16 21:29:15.990630   (file:///Users/pranaab/Developer/Term3A/URA/movie-review/run/dataflow.svg)
2017-01-16 21:29:15.994848 ‘run/compiled’ -> ‘run/compiled~’
2017-01-16 21:29:15.998565 ‘run/compiled’ -> ‘20170116/212912.347986000’
