2017-01-16 21:36:04.129076 ‘run/LATEST.COMPILE’ -> ‘20170116/213604.054045000’
2017-01-16 21:36:04.129484 ‘run/RUNNING.COMPILE’ -> ‘20170116/213604.054045000’
2017-01-16 21:36:04.129565 Parsing DeepDive application (/Users/pranaab/Developer/Term3A/URA/movie-review) to generate:
2017-01-16 21:36:04.129595  run/compiled/schema.json
2017-01-16 21:36:04.129617   from app.ddlog
2017-01-16 21:36:04.864284  run/compiled/deepdive.conf
2017-01-16 21:36:04.864467   from app.ddlog
2017-01-16 21:36:05.687395   from deepdive.conf
2017-01-16 21:36:05.694406  run/compiled/deepdive.conf.json
2017-01-16 21:36:06.059785 Performing sanity checks on run/compiled/deepdive.conf.json:
2017-01-16 21:36:06.117594  checking if input_extractors_well_defined
2017-01-16 21:36:06.117660  checking if input_schema_wellformed
2017-01-16 21:36:06.117946 Normalizing and adding built-in processes to the data flow to compile:
2017-01-16 21:36:06.118373  run/compiled/config-0.00-init_objects.json
2017-01-16 21:36:06.137529  run/compiled/config-0.01-parse_calibration.json
2017-01-16 21:36:06.155609  run/compiled/config-0.01-parse_schema.json
2017-01-16 21:36:06.181192  run/compiled/config-0.51-add_init_app.json
2017-01-16 21:36:06.200996  run/compiled/config-0.52-input_loader.json
2017-01-16 21:36:06.223098  run/compiled/config-1.00-qualified_names.json
2017-01-16 21:36:06.247649  run/compiled/config-1.01-parse_inference_rules.json
2017-01-16 21:36:06.281337  run/compiled/config-2.01-grounding.json
2017-01-16 21:36:06.402334  run/compiled/config-2.02-learning_inference.json
2017-01-16 21:36:06.437072  run/compiled/config-2.03-calibration_plots.json
2017-01-16 21:36:06.472394  run/compiled/config-9.98-ensure_init_app.json
2017-01-16 21:36:06.499887  run/compiled/config-9.99-dependencies.json
2017-01-16 21:36:06.531150  run/compiled/config.json
2017-01-16 21:36:06.534602 Validating run/compiled/config.json:
2017-01-16 21:36:06.638404  checking if compiled_base_relations_have_input_data
2017-01-16 21:36:06.638464  checking if compiled_dependencies_correct
2017-01-16 21:36:06.638486  checking if compiled_input_output_well_defined
2017-01-16 21:36:06.638505  checking if compiled_output_uniquely_defined
2017-01-16 21:36:06.638779 Compiling executable code into:
2017-01-16 21:36:06.639041  run/compiled/code-Makefile.json
2017-01-16 21:36:06.669737  run/compiled/code-cmd_extractor.json
2017-01-16 21:36:06.699263  run/compiled/code-dataflow_dot.json
2017-01-16 21:36:06.736239  run/compiled/code-sql_extractor.json
2017-01-16 21:36:06.769241  run/compiled/code-tsv_extractor.json
2017-01-16 21:36:06.793496 Generating files:
2017-01-16 21:36:06.841699  run/Makefile
2017-01-16 21:36:06.864413  run/process/init/app/run.sh
2017-01-16 21:36:06.885425  run/process/init/relation/reviews/run.sh
2017-01-16 21:36:06.913199  run/process/ext_is_negative/run.sh
2017-01-16 21:36:06.932125  run/process/ext_is_neutral/run.sh
2017-01-16 21:36:06.949329  run/process/ext_is_positive/run.sh
2017-01-16 21:36:06.966462  run/process/ext_is_somewhat_negative/run.sh
2017-01-16 21:36:06.984994  run/process/ext_is_somewhat_positive/run.sh
2017-01-16 21:36:07.012710  run/process/grounding/variable_id_partition/run.sh
2017-01-16 21:36:07.038812  run/process/grounding/variable/is_negative/assign_id/run.sh
2017-01-16 21:36:07.060140  run/process/grounding/variable/is_neutral/assign_id/run.sh
2017-01-16 21:36:07.073685  run/process/grounding/variable/is_positive/assign_id/run.sh
2017-01-16 21:36:07.083594  run/process/grounding/variable/is_somewhat_negative/assign_id/run.sh
2017-01-16 21:36:07.094248  run/process/grounding/variable/is_somewhat_positive/assign_id/run.sh
2017-01-16 21:36:07.111283  run/process/grounding/variable_holdout/run.sh
2017-01-16 21:36:07.130524  run/process/grounding/variable/is_negative/dump/run.sh
2017-01-16 21:36:07.152598  run/process/grounding/variable/is_neutral/dump/run.sh
2017-01-16 21:36:07.170823  run/process/grounding/variable/is_positive/dump/run.sh
2017-01-16 21:36:07.183920  run/process/grounding/variable/is_somewhat_negative/dump/run.sh
2017-01-16 21:36:07.196528  run/process/grounding/variable/is_somewhat_positive/dump/run.sh
2017-01-16 21:36:07.209062  run/process/grounding/factor/inf_istrue_is_negative/materialize/run.sh
2017-01-16 21:36:07.227051  run/process/grounding/factor/inf_istrue_is_neutral/materialize/run.sh
2017-01-16 21:36:07.238065  run/process/grounding/factor/inf_istrue_is_positive/materialize/run.sh
2017-01-16 21:36:07.252276  run/process/grounding/factor/inf_istrue_is_somewhat_negative/materialize/run.sh
2017-01-16 21:36:07.263915  run/process/grounding/factor/inf_istrue_is_somewhat_positive/materialize/run.sh
2017-01-16 21:36:07.275320  run/process/grounding/weight_id_partition/run.sh
2017-01-16 21:36:07.304605  run/process/grounding/global_weight_table/run.sh
2017-01-16 21:36:07.326483  run/process/grounding/factor/inf_istrue_is_negative/assign_weight_id/run.sh
2017-01-16 21:36:07.343235  run/process/grounding/factor/inf_istrue_is_neutral/assign_weight_id/run.sh
2017-01-16 21:36:07.355475  run/process/grounding/factor/inf_istrue_is_positive/assign_weight_id/run.sh
2017-01-16 21:36:07.366469  run/process/grounding/factor/inf_istrue_is_somewhat_negative/assign_weight_id/run.sh
2017-01-16 21:36:07.377566  run/process/grounding/factor/inf_istrue_is_somewhat_positive/assign_weight_id/run.sh
2017-01-16 21:36:07.388241  run/process/grounding/factor/inf_istrue_is_negative/dump/run.sh
2017-01-16 21:36:07.406375  run/process/grounding/factor/inf_istrue_is_neutral/dump/run.sh
2017-01-16 21:36:07.419574  run/process/grounding/factor/inf_istrue_is_positive/dump/run.sh
2017-01-16 21:36:07.434656  run/process/grounding/factor/inf_istrue_is_somewhat_negative/dump/run.sh
2017-01-16 21:36:07.453846  run/process/grounding/factor/inf_istrue_is_somewhat_positive/dump/run.sh
2017-01-16 21:36:07.465821  run/process/grounding/factor/inf_istrue_is_negative/dump_weights/run.sh
2017-01-16 21:36:07.485641  run/process/grounding/factor/inf_istrue_is_neutral/dump_weights/run.sh
2017-01-16 21:36:07.498930  run/process/grounding/factor/inf_istrue_is_positive/dump_weights/run.sh
2017-01-16 21:36:07.511685  run/process/grounding/factor/inf_istrue_is_somewhat_negative/dump_weights/run.sh
2017-01-16 21:36:07.522914  run/process/grounding/factor/inf_istrue_is_somewhat_positive/dump_weights/run.sh
2017-01-16 21:36:07.532710  run/process/grounding/combine_factorgraph/run.sh
2017-01-16 21:36:07.552052  run/process/model/learning/run.sh
2017-01-16 21:36:07.574909  run/process/model/inference/run.sh
2017-01-16 21:36:07.601181  run/process/model/load_weights/run.sh
2017-01-16 21:36:07.622150  run/process/model/load_probabilities/run.sh
2017-01-16 21:36:07.640449  run/process/model/calibration/run.sh
2017-01-16 21:36:07.661834  run/dataflow.dot
2017-01-16 21:36:07.682358  run/process/ext_review_feature_by_extract_features/run.sh
2017-01-16 21:36:07.731634 Warning: Could not load "/Users/pranaab/local/lib/bundled/graphviz/prefix/bin/../lib/graphviz/libgvplugin_pango.6.dylib" - file not found
2017-01-16 21:36:07.743343  run/dataflow.svg
2017-01-16 21:36:07.744551   (file:///Users/pranaab/Developer/Term3A/URA/movie-review/run/dataflow.svg)
2017-01-16 21:36:07.748331 ‘run/compiled’ -> ‘run/compiled~’
2017-01-16 21:36:07.751059 ‘run/compiled’ -> ‘20170116/213604.054045000’
