2017-01-25 02:01:59.161607 # on Pranaabs-MacBook-Pro.local: deepdive do calibration-plots
2017-01-25 02:01:59.161864 # run/20170125/020155.907231000/plan.sh
2017-01-25 02:01:59.161884 # execution plan for model/calibration-plots
2017-01-25 02:01:59.161901 
2017-01-25 02:01:59.161920 : ## process/init/app ##########################################################
2017-01-25 02:01:59.161940 : # Done: 2017-01-25T01:27:57-0500 (33m 59s ago)
2017-01-25 02:01:59.161959 : process/init/app/run.sh
2017-01-25 02:01:59.161980 : mark_done process/init/app
2017-01-25 02:01:59.162000 : ##############################################################################
2017-01-25 02:01:59.162019 
2017-01-25 02:01:59.162039 : ## process/init/relation/reviews #############################################
2017-01-25 02:01:59.162060 : # Done: 2017-01-25T01:27:57-0500 (33m 59s ago)
2017-01-25 02:01:59.162083 : process/init/relation/reviews/run.sh
2017-01-25 02:01:59.162105 : mark_done process/init/relation/reviews
2017-01-25 02:01:59.162126 : ##############################################################################
2017-01-25 02:01:59.162149 
2017-01-25 02:01:59.162172 : ## data/reviews ##############################################################
2017-01-25 02:01:59.162194 : # Done: 2017-01-25T01:27:57-0500 (33m 59s ago)
2017-01-25 02:01:59.162216 : # no-op
2017-01-25 02:01:59.162238 : mark_done data/reviews
2017-01-25 02:01:59.162260 : ##############################################################################
2017-01-25 02:01:59.162280 
2017-01-25 02:01:59.162311 : ## process/ext_review_feature_by_extract_features ############################
2017-01-25 02:01:59.162336 : # Done: 2017-01-25T01:48:44-0500 (13m 12s ago)
2017-01-25 02:01:59.162359 : process/ext_review_feature_by_extract_features/run.sh
2017-01-25 02:01:59.162382 : mark_done process/ext_review_feature_by_extract_features
2017-01-25 02:01:59.162404 : ##############################################################################
2017-01-25 02:01:59.162426 
2017-01-25 02:01:59.162448 : ## data/review_feature #######################################################
2017-01-25 02:01:59.162471 : # Done: 2017-01-25T01:48:44-0500 (13m 12s ago)
2017-01-25 02:01:59.162494 : # no-op
2017-01-25 02:01:59.162515 : mark_done data/review_feature
2017-01-25 02:01:59.162536 : ##############################################################################
2017-01-25 02:01:59.162559 
2017-01-25 02:01:59.162582 : ## process/init/relation/sentiments ##########################################
2017-01-25 02:01:59.162603 : # Done: 2017-01-25T01:27:57-0500 (33m 59s ago)
2017-01-25 02:01:59.162625 : process/init/relation/sentiments/run.sh
2017-01-25 02:01:59.162648 : mark_done process/init/relation/sentiments
2017-01-25 02:01:59.162672 : ##############################################################################
2017-01-25 02:01:59.162713 
2017-01-25 02:01:59.162737 : ## data/sentiments ###########################################################
2017-01-25 02:01:59.162761 : # Done: 2017-01-25T01:27:57-0500 (33m 59s ago)
2017-01-25 02:01:59.162784 : # no-op
2017-01-25 02:01:59.162807 : mark_done data/sentiments
2017-01-25 02:01:59.162831 : ##############################################################################
2017-01-25 02:01:59.162853 
2017-01-25 02:01:59.162876 : ## process/ext_review_sentiment ##############################################
2017-01-25 02:01:59.162898 : # Done: 2017-01-25T01:41:05-0500 (20m 51s ago)
2017-01-25 02:01:59.162921 : process/ext_review_sentiment/run.sh
2017-01-25 02:01:59.162944 : mark_done process/ext_review_sentiment
2017-01-25 02:01:59.162967 : ##############################################################################
2017-01-25 02:01:59.162991 
2017-01-25 02:01:59.163015 : ## data/review_sentiment #####################################################
2017-01-25 02:01:59.163038 : # Done: 2017-01-25T01:41:05-0500 (20m 51s ago)
2017-01-25 02:01:59.163061 : # no-op
2017-01-25 02:01:59.163083 : mark_done data/review_sentiment
2017-01-25 02:01:59.163106 : ##############################################################################
2017-01-25 02:01:59.163129 
2017-01-25 02:01:59.163151 : ## process/grounding/variable_id_partition ###################################
2017-01-25 02:01:59.163173 : # Done: 2017-01-25T01:48:44-0500 (13m 12s ago)
2017-01-25 02:01:59.163195 : process/grounding/variable_id_partition/run.sh
2017-01-25 02:01:59.163217 : mark_done process/grounding/variable_id_partition
2017-01-25 02:01:59.163238 : ##############################################################################
2017-01-25 02:01:59.163260 
2017-01-25 02:01:59.163281 : ## process/grounding/variable/review_sentiment/assign_id #####################
2017-01-25 02:01:59.163304 : # Done: 2017-01-25T01:48:44-0500 (13m 12s ago)
2017-01-25 02:01:59.163326 : process/grounding/variable/review_sentiment/assign_id/run.sh
2017-01-25 02:01:59.163347 : mark_done process/grounding/variable/review_sentiment/assign_id
2017-01-25 02:01:59.163369 : ##############################################################################
2017-01-25 02:01:59.163391 
2017-01-25 02:01:59.163412 : ## process/grounding/factor/inf_istrue_review_sentiment/materialize ##########
2017-01-25 02:01:59.163435 : # Done: 2017-01-25T01:48:45-0500 (13m 11s ago)
2017-01-25 02:01:59.163456 : process/grounding/factor/inf_istrue_review_sentiment/materialize/run.sh
2017-01-25 02:01:59.163478 : mark_done process/grounding/factor/inf_istrue_review_sentiment/materialize
2017-01-25 02:01:59.163501 : ##############################################################################
2017-01-25 02:01:59.163522 
2017-01-25 02:01:59.163545 : ## process/grounding/weight_id_partition #####################################
2017-01-25 02:01:59.163568 : # Done: 2017-01-25T01:48:45-0500 (13m 11s ago)
2017-01-25 02:01:59.163589 : process/grounding/weight_id_partition/run.sh
2017-01-25 02:01:59.163610 : mark_done process/grounding/weight_id_partition
2017-01-25 02:01:59.163633 : ##############################################################################
2017-01-25 02:01:59.163655 
2017-01-25 02:01:59.163705 : ## process/grounding/factor/inf_istrue_review_sentiment/assign_weight_id #####
2017-01-25 02:01:59.163743 : # Done: 2017-01-25T01:48:45-0500 (13m 11s ago)
2017-01-25 02:01:59.163770 : process/grounding/factor/inf_istrue_review_sentiment/assign_weight_id/run.sh
2017-01-25 02:01:59.163795 : mark_done process/grounding/factor/inf_istrue_review_sentiment/assign_weight_id
2017-01-25 02:01:59.163820 : ##############################################################################
2017-01-25 02:01:59.163844 
2017-01-25 02:01:59.163869 : ## process/grounding/factor/inf_istrue_review_sentiment/dump #################
2017-01-25 02:01:59.163893 : # Done: 2017-01-25T01:48:48-0500 (13m 8s ago)
2017-01-25 02:01:59.163917 : process/grounding/factor/inf_istrue_review_sentiment/dump/run.sh
2017-01-25 02:01:59.163940 : mark_done process/grounding/factor/inf_istrue_review_sentiment/dump
2017-01-25 02:01:59.163963 : ##############################################################################
2017-01-25 02:01:59.164001 
2017-01-25 02:01:59.164028 : ## process/grounding/factor/inf_istrue_review_sentiment/dump_weights #########
2017-01-25 02:01:59.164053 : # Done: 2017-01-25T01:48:48-0500 (13m 8s ago)
2017-01-25 02:01:59.164076 : process/grounding/factor/inf_istrue_review_sentiment/dump_weights/run.sh
2017-01-25 02:01:59.164101 : mark_done process/grounding/factor/inf_istrue_review_sentiment/dump_weights
2017-01-25 02:01:59.164125 : ##############################################################################
2017-01-25 02:01:59.164150 
2017-01-25 02:01:59.164173 : ## process/grounding/global_weight_table #####################################
2017-01-25 02:01:59.164195 : # Done: 2017-01-25T01:48:48-0500 (13m 8s ago)
2017-01-25 02:01:59.164220 : process/grounding/global_weight_table/run.sh
2017-01-25 02:01:59.164243 : mark_done process/grounding/global_weight_table
2017-01-25 02:01:59.164267 : ##############################################################################
2017-01-25 02:01:59.164289 
2017-01-25 02:01:59.164314 : ## process/grounding/variable_holdout ########################################
2017-01-25 02:01:59.164337 : # Done: 2017-01-25T01:48:49-0500 (13m 7s ago)
2017-01-25 02:01:59.164359 : process/grounding/variable_holdout/run.sh
2017-01-25 02:01:59.164383 : mark_done process/grounding/variable_holdout
2017-01-25 02:01:59.164404 : ##############################################################################
2017-01-25 02:01:59.164426 
2017-01-25 02:01:59.164447 : ## process/grounding/variable/review_sentiment/dump ##########################
2017-01-25 02:01:59.164471 : # Done: 2017-01-25T01:48:49-0500 (13m 7s ago)
2017-01-25 02:01:59.164494 : process/grounding/variable/review_sentiment/dump/run.sh
2017-01-25 02:01:59.164517 : mark_done process/grounding/variable/review_sentiment/dump
2017-01-25 02:01:59.164539 : ##############################################################################
2017-01-25 02:01:59.164561 
2017-01-25 02:01:59.164584 : ## process/grounding/combine_factorgraph #####################################
2017-01-25 02:01:59.164606 : # Done: 2017-01-25T01:48:50-0500 (13m 6s ago)
2017-01-25 02:01:59.164629 : process/grounding/combine_factorgraph/run.sh
2017-01-25 02:01:59.164652 : mark_done process/grounding/combine_factorgraph
2017-01-25 02:01:59.164672 : ##############################################################################
2017-01-25 02:01:59.164695 
2017-01-25 02:01:59.164719 : ## model/factorgraph #########################################################
2017-01-25 02:01:59.164740 : # Done: 2017-01-25T01:48:50-0500 (13m 6s ago)
2017-01-25 02:01:59.164762 : mark_done model/factorgraph
2017-01-25 02:01:59.164785 : ##############################################################################
2017-01-25 02:01:59.164807 
2017-01-25 02:01:59.164829 : ## process/model/learning ####################################################
2017-01-25 02:01:59.164851 : # Done: 2017-01-25T01:48:58-0500 (12m 58s ago)
2017-01-25 02:01:59.164874 : process/model/learning/run.sh
2017-01-25 02:01:59.164895 : mark_done process/model/learning
2017-01-25 02:01:59.164917 : ##############################################################################
2017-01-25 02:01:59.164940 
2017-01-25 02:01:59.164962 : ## model/weights #############################################################
2017-01-25 02:01:59.164985 : # Done: 2017-01-25T01:48:58-0500 (12m 58s ago)
2017-01-25 02:01:59.165007 : mark_done model/weights
2017-01-25 02:01:59.165032 : ##############################################################################
2017-01-25 02:01:59.165055 
2017-01-25 02:01:59.165078 : ## process/model/inference ###################################################
2017-01-25 02:01:59.165101 : # Done: 2017-01-25T01:48:58-0500 (12m 58s ago)
2017-01-25 02:01:59.165123 : process/model/inference/run.sh
2017-01-25 02:01:59.165146 : mark_done process/model/inference
2017-01-25 02:01:59.165172 : ##############################################################################
2017-01-25 02:01:59.165196 
2017-01-25 02:01:59.165219 : ## model/probabilities #######################################################
2017-01-25 02:01:59.165241 : # Done: 2017-01-25T01:48:58-0500 (12m 58s ago)
2017-01-25 02:01:59.165264 : mark_done model/probabilities
2017-01-25 02:01:59.165286 : ##############################################################################
2017-01-25 02:01:59.165309 
2017-01-25 02:01:59.165331 : ## process/model/load_probabilities ##########################################
2017-01-25 02:01:59.165354 : # Done: 2017-01-25T01:48:59-0500 (12m 57s ago)
2017-01-25 02:01:59.165376 : process/model/load_probabilities/run.sh
2017-01-25 02:01:59.165398 : mark_done process/model/load_probabilities
2017-01-25 02:01:59.165419 : ##############################################################################
2017-01-25 02:01:59.165448 
2017-01-25 02:01:59.165473 : ## data/model/probabilities ##################################################
2017-01-25 02:01:59.165495 : # Done: 2017-01-25T01:48:59-0500 (12m 57s ago)
2017-01-25 02:01:59.165515 : # no-op
2017-01-25 02:01:59.165537 : mark_done data/model/probabilities
2017-01-25 02:01:59.165559 : ##############################################################################
2017-01-25 02:01:59.165582 
2017-01-25 02:01:59.165610 ## process/model/calibration #################################################
2017-01-25 02:01:59.165632 # Done: N/A
2017-01-25 02:01:59.165654 process/model/calibration/run.sh
2017-01-25 02:01:59.165678 ++ dirname process/model/calibration/run.sh
2017-01-25 02:01:59.165703 + cd process/model/calibration
2017-01-25 02:01:59.165725 + export DEEPDIVE_CURRENT_PROCESS_NAME=process/model/calibration
2017-01-25 02:01:59.165747 + DEEPDIVE_CURRENT_PROCESS_NAME=process/model/calibration
2017-01-25 02:01:59.165769 + d=../../../model/calibration-plots
2017-01-25 02:01:59.165792 + mkdir -p ../../../model/calibration-plots
2017-01-25 02:01:59.165815 + cd ../../../model/calibration-plots
2017-01-25 02:01:59.165837 + extraOutput=/Users/pranaab/Developer/Term3A/URA/movie-review/run/20170125/020155.907231000/calibration
2017-01-25 02:01:59.165862 + mkdir -p /Users/pranaab/Developer/Term3A/URA/movie-review/run/20170125/020155.907231000/calibration
2017-01-25 02:01:59.165884 + DEEPDIVE_CALIBRATION_NUM_BUCKETS=10
2017-01-25 02:01:59.165906 + deepdive db create_calibration_view review_sentiment label
2017-01-25 02:01:59.317634 CREATE VIEW
2017-01-25 02:01:59.319625 + draw_calibration_plot review_sentiment label
2017-01-25 02:01:59.556199 + cp -a review_sentiment_label.png review_sentiment_label.tsv /Users/pranaab/Developer/Term3A/URA/movie-review/run/20170125/020155.907231000/calibration/
2017-01-25 02:01:59.566540 mark_done process/model/calibration
2017-01-25 02:01:59.582209 ##############################################################################
2017-01-25 02:01:59.582272 
2017-01-25 02:01:59.582294 ## model/calibration-plots ###################################################
2017-01-25 02:01:59.582311 # Done: N/A
2017-01-25 02:01:59.582327 mark_done model/calibration-plots
2017-01-25 02:01:59.599259 ##############################################################################
2017-01-25 02:01:59.599320 
