2017-01-25 01:41:05.018277 # on Pranaabs-MacBook-Pro.local: deepdive do review_sentiment
2017-01-25 01:41:05.018638 # run/20170125/014101.088634000/plan.sh
2017-01-25 01:41:05.018684 # execution plan for data/review_sentiment
2017-01-25 01:41:05.018734 
2017-01-25 01:41:05.018766 : ## process/init/app ##########################################################
2017-01-25 01:41:05.018789 : # Done: 2017-01-25T01:27:57-0500 (13m 4s ago)
2017-01-25 01:41:05.018814 : process/init/app/run.sh
2017-01-25 01:41:05.018850 : mark_done process/init/app
2017-01-25 01:41:05.018875 : ##############################################################################
2017-01-25 01:41:05.018897 
2017-01-25 01:41:05.018922 : ## process/init/relation/reviews #############################################
2017-01-25 01:41:05.018944 : # Done: 2017-01-25T01:27:57-0500 (13m 4s ago)
2017-01-25 01:41:05.018966 : process/init/relation/reviews/run.sh
2017-01-25 01:41:05.018996 : mark_done process/init/relation/reviews
2017-01-25 01:41:05.019019 : ##############################################################################
2017-01-25 01:41:05.019041 
2017-01-25 01:41:05.019065 : ## data/reviews ##############################################################
2017-01-25 01:41:05.019088 : # Done: 2017-01-25T01:27:57-0500 (13m 4s ago)
2017-01-25 01:41:05.019112 : # no-op
2017-01-25 01:41:05.019135 : mark_done data/reviews
2017-01-25 01:41:05.019159 : ##############################################################################
2017-01-25 01:41:05.019183 
2017-01-25 01:41:05.019206 : ## process/init/relation/sentiments ##########################################
2017-01-25 01:41:05.019229 : # Done: 2017-01-25T01:27:57-0500 (13m 4s ago)
2017-01-25 01:41:05.019271 : process/init/relation/sentiments/run.sh
2017-01-25 01:41:05.019300 : mark_done process/init/relation/sentiments
2017-01-25 01:41:05.019322 : ##############################################################################
2017-01-25 01:41:05.019358 
2017-01-25 01:41:05.019437 : ## data/sentiments ###########################################################
2017-01-25 01:41:05.019513 : # Done: 2017-01-25T01:27:57-0500 (13m 4s ago)
2017-01-25 01:41:05.019546 : # no-op
2017-01-25 01:41:05.019593 : mark_done data/sentiments
2017-01-25 01:41:05.019620 : ##############################################################################
2017-01-25 01:41:05.019645 
2017-01-25 01:41:05.019671 ## process/ext_review_sentiment ##############################################
2017-01-25 01:41:05.019693 # Done: N/A
2017-01-25 01:41:05.019724 process/ext_review_sentiment/run.sh
2017-01-25 01:41:05.019746 ++ dirname process/ext_review_sentiment/run.sh
2017-01-25 01:41:05.019770 + cd process/ext_review_sentiment
2017-01-25 01:41:05.019793 + export DEEPDIVE_CURRENT_PROCESS_NAME=process/ext_review_sentiment
2017-01-25 01:41:05.019816 + DEEPDIVE_CURRENT_PROCESS_NAME=process/ext_review_sentiment
2017-01-25 01:41:05.019838 + deepdive create table review_sentiment
2017-01-25 01:41:05.129683 CREATE TABLE
2017-01-25 01:41:05.131715 + deepdive sql 'INSERT INTO review_sentiment SELECT DISTINCT R0.review_id, R1.index, 0 AS id, 
2017-01-25 01:41:05.131782 CASE WHEN R1.index = R0.sentiment THEN true
2017-01-25 01:41:05.131806      ELSE false
2017-01-25 01:41:05.131827 END AS label
2017-01-25 01:41:05.131848           FROM reviews R0, sentiments R1
2017-01-25 01:41:05.131869         
2017-01-25 01:41:05.131889           '
2017-01-25 01:41:05.268927 INSERT 0 13130
2017-01-25 01:41:05.270870 mark_done process/ext_review_sentiment
2017-01-25 01:41:05.291229 ##############################################################################
2017-01-25 01:41:05.291299 
2017-01-25 01:41:05.291325 ## data/review_sentiment #####################################################
2017-01-25 01:41:05.291347 # Done: N/A
2017-01-25 01:41:05.291367 # no-op
2017-01-25 01:41:05.291388 mark_done data/review_sentiment
2017-01-25 01:41:05.312807 ##############################################################################
2017-01-25 01:41:05.312884 
