2017-01-25 01:40:10.301155 # on Pranaabs-MacBook-Pro.local: deepdive do review_sentiment
2017-01-25 01:40:10.301407 # run/20170125/014007.816484000/plan.sh
2017-01-25 01:40:10.301434 # execution plan for data/review_sentiment
2017-01-25 01:40:10.301454 
2017-01-25 01:40:10.301475 : ## process/init/app ##########################################################
2017-01-25 01:40:10.301497 : # Done: 2017-01-25T01:27:57-0500 (12m 10s ago)
2017-01-25 01:40:10.301515 : process/init/app/run.sh
2017-01-25 01:40:10.301532 : mark_done process/init/app
2017-01-25 01:40:10.301549 : ##############################################################################
2017-01-25 01:40:10.301615 
2017-01-25 01:40:10.301640 : ## process/init/relation/reviews #############################################
2017-01-25 01:40:10.301660 : # Done: 2017-01-25T01:27:57-0500 (12m 10s ago)
2017-01-25 01:40:10.301679 : process/init/relation/reviews/run.sh
2017-01-25 01:40:10.301702 : mark_done process/init/relation/reviews
2017-01-25 01:40:10.301721 : ##############################################################################
2017-01-25 01:40:10.301741 
2017-01-25 01:40:10.301761 : ## data/reviews ##############################################################
2017-01-25 01:40:10.301782 : # Done: 2017-01-25T01:27:57-0500 (12m 11s ago)
2017-01-25 01:40:10.301802 : # no-op
2017-01-25 01:40:10.301823 : mark_done data/reviews
2017-01-25 01:40:10.301843 : ##############################################################################
2017-01-25 01:40:10.301865 
2017-01-25 01:40:10.301885 : ## process/init/relation/sentiments ##########################################
2017-01-25 01:40:10.301904 : # Done: 2017-01-25T01:27:57-0500 (12m 11s ago)
2017-01-25 01:40:10.301926 : process/init/relation/sentiments/run.sh
2017-01-25 01:40:10.301947 : mark_done process/init/relation/sentiments
2017-01-25 01:40:10.301968 : ##############################################################################
2017-01-25 01:40:10.301988 
2017-01-25 01:40:10.302009 : ## data/sentiments ###########################################################
2017-01-25 01:40:10.302029 : # Done: 2017-01-25T01:27:57-0500 (12m 11s ago)
2017-01-25 01:40:10.302049 : # no-op
2017-01-25 01:40:10.302069 : mark_done data/sentiments
2017-01-25 01:40:10.302090 : ##############################################################################
2017-01-25 01:40:10.302111 
2017-01-25 01:40:10.302132 ## process/ext_review_sentiment ##############################################
2017-01-25 01:40:10.302154 # Done: N/A
2017-01-25 01:40:10.302174 process/ext_review_sentiment/run.sh
2017-01-25 01:40:10.302195 ++ dirname process/ext_review_sentiment/run.sh
2017-01-25 01:40:10.302216 + cd process/ext_review_sentiment
2017-01-25 01:40:10.302238 + export DEEPDIVE_CURRENT_PROCESS_NAME=process/ext_review_sentiment
2017-01-25 01:40:10.302259 + DEEPDIVE_CURRENT_PROCESS_NAME=process/ext_review_sentiment
2017-01-25 01:40:10.302281 + deepdive create table review_sentiment
2017-01-25 01:40:10.448687 CREATE TABLE
2017-01-25 01:40:10.450039 + deepdive sql 'INSERT INTO review_sentiment SELECT DISTINCT R0.review_id, R1.sentiment, 0 AS id, 
2017-01-25 01:40:10.450090 CASE WHEN R1.sentiment = R0.sentiment THEN true
2017-01-25 01:40:10.450114      ELSE false
2017-01-25 01:40:10.450133 END AS label
2017-01-25 01:40:10.450153           FROM reviews R0, sentiments R1
2017-01-25 01:40:10.450173         
2017-01-25 01:40:10.450191           '
2017-01-25 01:40:10.536622 ERROR:  operator does not exist: text = integer
2017-01-25 01:40:10.536685 LINE 2: CASE WHEN R1.sentiment = R0.sentiment THEN true
2017-01-25 01:40:10.536707                                ^
2017-01-25 01:40:10.536726 HINT:  No operator matches the given name and argument type(s). You might need to add explicit type casts.
