2017-01-16 17:51:25.177563 ‘run/LATEST.COMPILE’ -> ‘20170116/175125.048891000’
2017-01-16 17:51:25.177857 ‘run/RUNNING.COMPILE’ -> ‘20170116/175125.048891000’
2017-01-16 17:51:25.177886 Parsing DeepDive application (/Users/pranaab/Developer/Term3A/URA/movie-review) to generate:
2017-01-16 17:51:25.177910  run/compiled/schema.json
2017-01-16 17:51:25.177944   from app.ddlog
2017-01-16 17:51:25.828195  run/compiled/deepdive.conf
2017-01-16 17:51:25.828313   from app.ddlog
2017-01-16 17:51:26.302821   from deepdive.conf
2017-01-16 17:51:26.308715  run/compiled/deepdive.conf.json
2017-01-16 17:51:26.731665 Performing sanity checks on run/compiled/deepdive.conf.json:
2017-01-16 17:51:26.773115  checking if input_extractors_well_defined
2017-01-16 17:51:26.773175  checking if input_schema_wellformed
2017-01-16 17:51:26.773515 Normalizing and adding built-in processes to the data flow to compile:
2017-01-16 17:51:26.774150  run/compiled/config-0.00-init_objects.json
2017-01-16 17:51:26.791596  run/compiled/config-0.01-parse_calibration.json
2017-01-16 17:51:26.808495  run/compiled/config-0.01-parse_schema.json
2017-01-16 17:51:26.831304  run/compiled/config-0.51-add_init_app.json
2017-01-16 17:51:26.846345  run/compiled/config-0.52-input_loader.json
2017-01-16 17:51:26.865208  run/compiled/config-1.00-qualified_names.json
2017-01-16 17:51:26.886201  run/compiled/config-1.01-parse_inference_rules.json
2017-01-16 17:51:26.917806  run/compiled/config-2.01-grounding.json
2017-01-16 17:51:26.990983  run/compiled/config-2.02-learning_inference.json
2017-01-16 17:51:27.012544  run/compiled/config-2.03-calibration_plots.json
2017-01-16 17:51:27.029419  run/compiled/config-9.98-ensure_init_app.json
2017-01-16 17:51:27.049233  run/compiled/config-9.99-dependencies.json
2017-01-16 17:51:27.072362  run/compiled/config.json
2017-01-16 17:51:27.076241 Validating run/compiled/config.json:
2017-01-16 17:51:27.163594  checking if compiled_base_relations_have_input_data
2017-01-16 17:51:27.163653  checking if compiled_dependencies_correct
2017-01-16 17:51:27.163673  checking if compiled_input_output_well_defined
2017-01-16 17:51:27.163692  checking if compiled_output_uniquely_defined
2017-01-16 17:51:27.163962 Compiling executable code into:
2017-01-16 17:51:27.164369  run/compiled/code-Makefile.json
2017-01-16 17:51:27.187750  run/compiled/code-cmd_extractor.json
2017-01-16 17:51:27.214819  run/compiled/code-dataflow_dot.json
2017-01-16 17:51:27.238833  run/compiled/code-sql_extractor.json
2017-01-16 17:51:27.256864  run/compiled/code-tsv_extractor.json
2017-01-16 17:51:27.279398 Generating files:
2017-01-16 17:51:27.307942  run/Makefile
2017-01-16 17:51:27.315606  run/process/init/app/run.sh
2017-01-16 17:51:27.330020  run/process/init/relation/reviews/run.sh
2017-01-16 17:51:27.346282  run/dataflow.dot
2017-01-16 17:51:27.390051 Warning: Could not load "/Users/pranaab/local/lib/bundled/graphviz/prefix/bin/../lib/graphviz/libgvplugin_pango.6.dylib" - file not found
2017-01-16 17:51:27.396847  run/dataflow.svg
2017-01-16 17:51:27.397985   (file:///Users/pranaab/Developer/Term3A/URA/movie-review/run/dataflow.svg)
2017-01-16 17:51:27.401507 ‘run/compiled’ -> ‘20170116/175125.048891000’
