2017-01-25 01:33:28.393954 # on Pranaabs-MacBook-Pro.local: deepdive do review_sentiment
2017-01-25 01:33:28.394210 # run/20170125/013325.900315000/plan.sh
2017-01-25 01:33:28.394237 # execution plan for data/review_sentiment
2017-01-25 01:33:28.394257 
2017-01-25 01:33:28.394280 : ## process/init/app ##########################################################
2017-01-25 01:33:28.394303 : # Done: 2017-01-25T01:27:57-0500 (5m 29s ago)
2017-01-25 01:33:28.394326 : process/init/app/run.sh
2017-01-25 01:33:28.394345 : mark_done process/init/app
2017-01-25 01:33:28.394363 : ##############################################################################
2017-01-25 01:33:28.394381 
2017-01-25 01:33:28.394401 : ## process/init/relation/reviews #############################################
2017-01-25 01:33:28.394420 : # Done: 2017-01-25T01:27:57-0500 (5m 29s ago)
2017-01-25 01:33:28.394440 : process/init/relation/reviews/run.sh
2017-01-25 01:33:28.394462 : mark_done process/init/relation/reviews
2017-01-25 01:33:28.394483 : ##############################################################################
2017-01-25 01:33:28.394507 
2017-01-25 01:33:28.394529 : ## data/reviews ##############################################################
2017-01-25 01:33:28.394553 : # Done: 2017-01-25T01:27:57-0500 (5m 29s ago)
2017-01-25 01:33:28.394575 : # no-op
2017-01-25 01:33:28.394597 : mark_done data/reviews
2017-01-25 01:33:28.394620 : ##############################################################################
2017-01-25 01:33:28.394641 
2017-01-25 01:33:28.394663 : ## process/init/relation/sentiments ##########################################
2017-01-25 01:33:28.394683 : # Done: 2017-01-25T01:27:57-0500 (5m 29s ago)
2017-01-25 01:33:28.394704 : process/init/relation/sentiments/run.sh
2017-01-25 01:33:28.394725 : mark_done process/init/relation/sentiments
2017-01-25 01:33:28.394746 : ##############################################################################
2017-01-25 01:33:28.394767 
2017-01-25 01:33:28.394789 : ## data/sentiments ###########################################################
2017-01-25 01:33:28.394810 : # Done: 2017-01-25T01:27:57-0500 (5m 29s ago)
2017-01-25 01:33:28.394831 : # no-op
2017-01-25 01:33:28.394853 : mark_done data/sentiments
2017-01-25 01:33:28.394874 : ##############################################################################
2017-01-25 01:33:28.394896 
2017-01-25 01:33:28.394918 ## process/ext_review_sentiment ##############################################
2017-01-25 01:33:28.394950 # Done: N/A
2017-01-25 01:33:28.394972 process/ext_review_sentiment/run.sh
2017-01-25 01:33:28.394993 ++ dirname process/ext_review_sentiment/run.sh
2017-01-25 01:33:28.395015 + cd process/ext_review_sentiment
2017-01-25 01:33:28.395038 + export DEEPDIVE_CURRENT_PROCESS_NAME=process/ext_review_sentiment
2017-01-25 01:33:28.395060 + DEEPDIVE_CURRENT_PROCESS_NAME=process/ext_review_sentiment
2017-01-25 01:33:28.395081 + deepdive create table review_sentiment
2017-01-25 01:33:28.518970 CREATE TABLE
2017-01-25 01:33:28.520356 + deepdive sql 'INSERT INTO review_sentiment SELECT DISTINCT DISTINCT R0.review_id, R1.sentiment, 0 AS id, NULL AS label
2017-01-25 01:33:28.520409           FROM reviews R0, sentiments R1
2017-01-25 01:33:28.520429         
2017-01-25 01:33:28.520447           '
2017-01-25 01:33:28.609437 ERROR:  syntax error at or near "DISTINCT"
2017-01-25 01:33:28.609505 LINE 1: INSERT INTO review_sentiment SELECT DISTINCT DISTINCT R0.rev...
2017-01-25 01:33:28.609530                                                      ^
