2017-01-25 01:34:01.535235 # on Pranaabs-MacBook-Pro.local: deepdive do review_sentiment
2017-01-25 01:34:01.535511 # run/20170125/013359.208402000/plan.sh
2017-01-25 01:34:01.535555 # execution plan for data/review_sentiment
2017-01-25 01:34:01.535580 
2017-01-25 01:34:01.535602 : ## process/init/app ##########################################################
2017-01-25 01:34:01.535625 : # Done: 2017-01-25T01:27:57-0500 (6m 2s ago)
2017-01-25 01:34:01.535648 : process/init/app/run.sh
2017-01-25 01:34:01.535672 : mark_done process/init/app
2017-01-25 01:34:01.535694 : ##############################################################################
2017-01-25 01:34:01.535714 
2017-01-25 01:34:01.535735 : ## process/init/relation/reviews #############################################
2017-01-25 01:34:01.535756 : # Done: 2017-01-25T01:27:57-0500 (6m 2s ago)
2017-01-25 01:34:01.535778 : process/init/relation/reviews/run.sh
2017-01-25 01:34:01.535798 : mark_done process/init/relation/reviews
2017-01-25 01:34:01.535820 : ##############################################################################
2017-01-25 01:34:01.535841 
2017-01-25 01:34:01.535862 : ## data/reviews ##############################################################
2017-01-25 01:34:01.535883 : # Done: 2017-01-25T01:27:57-0500 (6m 2s ago)
2017-01-25 01:34:01.535904 : # no-op
2017-01-25 01:34:01.535925 : mark_done data/reviews
2017-01-25 01:34:01.535946 : ##############################################################################
2017-01-25 01:34:01.535965 
2017-01-25 01:34:01.535985 : ## process/init/relation/sentiments ##########################################
2017-01-25 01:34:01.536006 : # Done: 2017-01-25T01:27:57-0500 (6m 2s ago)
2017-01-25 01:34:01.536025 : process/init/relation/sentiments/run.sh
2017-01-25 01:34:01.536043 : mark_done process/init/relation/sentiments
2017-01-25 01:34:01.536062 : ##############################################################################
2017-01-25 01:34:01.536082 
2017-01-25 01:34:01.536100 : ## data/sentiments ###########################################################
2017-01-25 01:34:01.536120 : # Done: 2017-01-25T01:27:57-0500 (6m 2s ago)
2017-01-25 01:34:01.536143 : # no-op
2017-01-25 01:34:01.536176 : mark_done data/sentiments
2017-01-25 01:34:01.536207 : ##############################################################################
2017-01-25 01:34:01.536230 
2017-01-25 01:34:01.536252 ## process/ext_review_sentiment ##############################################
2017-01-25 01:34:01.536274 # Done: N/A
2017-01-25 01:34:01.536296 process/ext_review_sentiment/run.sh
2017-01-25 01:34:01.536319 ++ dirname process/ext_review_sentiment/run.sh
2017-01-25 01:34:01.536339 + cd process/ext_review_sentiment
2017-01-25 01:34:01.536360 + export DEEPDIVE_CURRENT_PROCESS_NAME=process/ext_review_sentiment
2017-01-25 01:34:01.536382 + DEEPDIVE_CURRENT_PROCESS_NAME=process/ext_review_sentiment
2017-01-25 01:34:01.536404 + deepdive create table review_sentiment
2017-01-25 01:34:01.648799 CREATE TABLE
2017-01-25 01:34:01.650320 + deepdive sql 'INSERT INTO review_sentiment SELECT DISTINCT R0.review_id, R1.sentiment, 0 AS id, NULL AS label
2017-01-25 01:34:01.650386           FROM reviews R0, sentiments R1
2017-01-25 01:34:01.650412         
2017-01-25 01:34:01.650436           '
2017-01-25 01:34:01.738798 ERROR:  column "label" is of type boolean but expression is of type text
2017-01-25 01:34:01.738863 LINE 1: ...ECT DISTINCT R0.review_id, R1.sentiment, 0 AS id, NULL AS la...
2017-01-25 01:34:01.738889                                                              ^
2017-01-25 01:34:01.738911 HINT:  You will need to rewrite or cast the expression.
