2017-01-16 21:28:38.900048 ‘run/LATEST.COMPILE’ -> ‘20170116/212838.827208000’
2017-01-16 21:28:38.900392 ‘run/RUNNING.COMPILE’ -> ‘20170116/212838.827208000’
2017-01-16 21:28:38.900424 Parsing DeepDive application (/Users/pranaab/Developer/Term3A/URA/movie-review) to generate:
2017-01-16 21:28:38.900448  run/compiled/schema.json
2017-01-16 21:28:38.900574   from app.ddlog
2017-01-16 21:28:39.869528  run/compiled/deepdive.conf
2017-01-16 21:28:39.869706   from app.ddlog
2017-01-16 21:28:40.821355   from deepdive.conf
2017-01-16 21:28:40.830936  run/compiled/deepdive.conf.json
2017-01-16 21:28:41.294427 Performing sanity checks on run/compiled/deepdive.conf.json:
2017-01-16 21:28:41.353254  checking if input_extractors_well_defined
2017-01-16 21:28:41.353320  checking if input_schema_wellformed
2017-01-16 21:28:41.353648 Normalizing and adding built-in processes to the data flow to compile:
2017-01-16 21:28:41.357211  run/compiled/config-0.00-init_objects.json
2017-01-16 21:28:41.376324  run/compiled/config-0.01-parse_calibration.json
2017-01-16 21:28:41.396361  run/compiled/config-0.01-parse_schema.json
2017-01-16 21:28:41.423812  run/compiled/config-0.51-add_init_app.json
2017-01-16 21:28:41.440041  run/compiled/config-0.52-input_loader.json
2017-01-16 21:28:41.461174  run/compiled/config-1.00-qualified_names.json
2017-01-16 21:28:41.494156  run/compiled/config-1.01-parse_inference_rules.json
2017-01-16 21:28:41.536740  run/compiled/config-2.01-grounding.json
2017-01-16 21:28:41.652235  run/compiled/config-2.02-learning_inference.json
2017-01-16 21:28:41.685997  run/compiled/config-2.03-calibration_plots.json
2017-01-16 21:28:41.710680  run/compiled/config-9.98-ensure_init_app.json
2017-01-16 21:28:41.734518  run/compiled/config-9.99-dependencies.json
2017-01-16 21:28:41.760568  run/compiled/config.json
2017-01-16 21:28:41.764565 Validating run/compiled/config.json:
2017-01-16 21:28:41.873276  checking if compiled_base_relations_have_input_data
2017-01-16 21:28:41.873341  checking if compiled_dependencies_correct
2017-01-16 21:28:41.873362  checking if compiled_input_output_well_defined
2017-01-16 21:28:41.873381  checking if compiled_output_uniquely_defined
2017-01-16 21:28:41.873642 Compiling executable code into:
2017-01-16 21:28:41.873982  run/compiled/code-Makefile.json
2017-01-16 21:28:41.913414  run/compiled/code-cmd_extractor.json
2017-01-16 21:28:41.944072  run/compiled/code-dataflow_dot.json
2017-01-16 21:28:41.979863  run/compiled/code-sql_extractor.json
2017-01-16 21:28:42.003493  run/compiled/code-tsv_extractor.json
2017-01-16 21:28:42.039877 Generating files:
2017-01-16 21:28:42.066453  run/Makefile
2017-01-16 21:28:42.081446  run/process/init/app/run.sh
2017-01-16 21:28:42.097388  run/process/init/relation/reviews/run.sh
2017-01-16 21:28:42.113964  run/process/ext_is_negative/run.sh
2017-01-16 21:28:42.132952  run/process/ext_is_neutral/run.sh
2017-01-16 21:28:42.151505  run/process/ext_is_positive/run.sh
2017-01-16 21:28:42.166611  run/process/ext_is_somewhat_negative/run.sh
2017-01-16 21:28:42.181408  run/process/ext_is_somewhat_positive/run.sh
2017-01-16 21:28:42.192891  run/process/grounding/variable_id_partition/run.sh
2017-01-16 21:28:42.204528  run/process/grounding/variable/is_negative/assign_id/run.sh
2017-01-16 21:28:42.220660  run/process/grounding/variable_holdout/run.sh
2017-01-16 21:28:42.235425  run/process/grounding/variable/is_negative/dump/run.sh
2017-01-16 21:28:42.251427  run/process/grounding/factor/inf_istrue_is_negative/materialize/run.sh
2017-01-16 21:28:42.270420  run/process/grounding/weight_id_partition/run.sh
2017-01-16 21:28:42.284219  run/process/grounding/global_weight_table/run.sh
2017-01-16 21:28:42.295878  run/process/grounding/factor/inf_istrue_is_negative/assign_weight_id/run.sh
2017-01-16 21:28:42.307627  run/process/grounding/factor/inf_istrue_is_negative/dump/run.sh
2017-01-16 21:28:42.326224  run/process/grounding/factor/inf_istrue_is_negative/dump_weights/run.sh
2017-01-16 21:28:42.338360  run/process/grounding/combine_factorgraph/run.sh
2017-01-16 21:28:42.349720  run/process/model/learning/run.sh
2017-01-16 21:28:42.363425  run/process/model/inference/run.sh
2017-01-16 21:28:42.380392  run/process/model/load_weights/run.sh
2017-01-16 21:28:42.395421  run/process/model/load_probabilities/run.sh
2017-01-16 21:28:42.413395  run/process/model/calibration/run.sh
2017-01-16 21:28:42.430203  run/dataflow.dot
2017-01-16 21:28:42.444201  run/process/ext_review_feature_by_extract_features/run.sh
2017-01-16 21:28:42.493016 Warning: Could not load "/Users/pranaab/local/lib/bundled/graphviz/prefix/bin/../lib/graphviz/libgvplugin_pango.6.dylib" - file not found
2017-01-16 21:28:42.506325  run/dataflow.svg
2017-01-16 21:28:42.507418   (file:///Users/pranaab/Developer/Term3A/URA/movie-review/run/dataflow.svg)
2017-01-16 21:28:42.513087 ‘run/compiled’ -> ‘20170116/212838.827208000’
